<?xml version="1.0" encoding="UTF-8" ?>
<testsuite tests="6" failures="0" name="cz.fi.muni.pa165.currency.CurrencyConvertorImplTest" time="4.883" errors="0" skipped="0">
  <properties>
[...]
</properties>
  <testcase classname="cz.fi.muni.pa165.currency.CurrencyConvertorImplTest" name="testConvertWithNullSourceCurrency" time="1"/>
  <testcase classname="cz.fi.muni.pa165.currency.CurrencyConvertorImplTest" name="testConvertWithNullTargetCurrency" time="0"/>
  <testcase classname="cz.fi.muni.pa165.currency.CurrencyConvertorImplTest" name="testConvertWithExternalServiceFailure" time="0.063"/>
  <testcase classname="cz.fi.muni.pa165.currency.CurrencyConvertorImplTest" name="testConvert" time="0.078"/>
  <testcase classname="cz.fi.muni.pa165.currency.CurrencyConvertorImplTest" name="testConvertWithUnknownCurrency" time="0"/>
  <testcase classname="cz.fi.muni.pa165.currency.CurrencyConvertorImplTest" name="testConvertWithNullSourceAmount" time="0"/>
</testsuite>